[done] algo=merge      n=10000    scenario=random       mean=0.706 ms
[done] algo=quick_med3 n=10000    scenario=random       mean=0.604 ms
[done] algo=intro      n=10000    scenario=random       mean=0.520 ms
[done] algo=merge      n=10000    scenario=sorted_25    mean=0.590 ms
[done] algo=quick_med3 n=10000    scenario=sorted_25    mean=0.578 ms
[done] algo=intro      n=10000    scenario=sorted_25    mean=0.481 ms
[done] algo=merge      n=10000    scenario=sorted_50    mean=0.470 ms
[done] algo=quick_med3 n=10000    scenario=sorted_50    mean=0.521 ms
[done] algo=intro      n=10000    scenario=sorted_50    mean=0.426 ms
[done] algo=merge      n=10000    scenario=sorted_75    mean=0.325 ms
[done] algo=quick_med3 n=10000    scenario=sorted_75    mean=0.444 ms
[done] algo=intro      n=10000    scenario=sorted_75    mean=0.357 ms
[done] algo=merge      n=10000    scenario=sorted_95    mean=0.206 ms
[done] algo=quick_med3 n=10000    scenario=sorted_95    mean=0.441 ms
[done] algo=intro      n=10000    scenario=sorted_95    mean=0.434 ms
[done] algo=merge      n=10000    scenario=sorted_99    mean=0.196 ms
[done] algo=quick_med3 n=10000    scenario=sorted_99    mean=1.040 ms
[done] algo=intro      n=10000    scenario=sorted_99    mean=0.650 ms
[done] algo=merge      n=10000    scenario=sorted_99_7  mean=0.180 ms
[done] algo=quick_med3 n=10000    scenario=sorted_99_7  mean=2.718 ms
[done] algo=intro      n=10000    scenario=sorted_99_7  mean=0.691 ms
[done] algo=merge      n=10000    scenario=reverse      mean=0.174 ms
[done] algo=quick_med3 n=10000    scenario=reverse      mean=0.236 ms
[done] algo=intro      n=10000    scenario=reverse      mean=0.241 ms
[done] algo=merge      n=50000    scenario=random       mean=4.039 ms
[done] algo=quick_med3 n=50000    scenario=random       mean=3.497 ms
[done] algo=intro      n=50000    scenario=random       mean=3.024 ms
[done] algo=merge      n=50000    scenario=sorted_25    mean=3.315 ms
[done] algo=quick_med3 n=50000    scenario=sorted_25    mean=3.294 ms
[done] algo=intro      n=50000    scenario=sorted_25    mean=2.839 ms
[done] algo=merge      n=50000    scenario=sorted_50    mean=2.556 ms
[done] algo=quick_med3 n=50000    scenario=sorted_50    mean=2.924 ms
[done] algo=intro      n=50000    scenario=sorted_50    mean=2.492 ms
[done] algo=merge      n=50000    scenario=sorted_75    mean=1.845 ms
[done] algo=quick_med3 n=50000    scenario=sorted_75    mean=2.535 ms
[done] algo=intro      n=50000    scenario=sorted_75    mean=2.130 ms
[done] algo=merge      n=50000    scenario=sorted_95    mean=1.224 ms
[done] algo=quick_med3 n=50000    scenario=sorted_95    mean=2.920 ms
[done] algo=intro      n=50000    scenario=sorted_95    mean=2.798 ms
[done] algo=merge      n=50000    scenario=sorted_99    mean=1.081 ms
[done] algo=quick_med3 n=50000    scenario=sorted_99    mean=5.832 ms
[done] algo=intro      n=50000    scenario=sorted_99    mean=3.767 ms
[done] algo=merge      n=50000    scenario=sorted_99_7  mean=1.100 ms
[done] algo=quick_med3 n=50000    scenario=sorted_99_7  mean=18.482 ms
[done] algo=intro      n=50000    scenario=sorted_99_7  mean=4.018 ms
[done] algo=merge      n=50000    scenario=reverse      mean=0.980 ms
[done] algo=quick_med3 n=50000    scenario=reverse      mean=1.454 ms
[done] algo=intro      n=50000    scenario=reverse      mean=1.441 ms
[done] algo=merge      n=100000   scenario=random       mean=8.391 ms
[done] algo=quick_med3 n=100000   scenario=random       mean=7.264 ms
[done] algo=intro      n=100000   scenario=random       mean=6.268 ms
[done] algo=merge      n=100000   scenario=sorted_25    mean=7.012 ms
[done] algo=quick_med3 n=100000   scenario=sorted_25    mean=7.071 ms
[done] algo=intro      n=100000   scenario=sorted_25    mean=6.091 ms
[done] algo=merge      n=100000   scenario=sorted_50    mean=5.482 ms
[done] algo=quick_med3 n=100000   scenario=sorted_50    mean=6.110 ms
[done] algo=intro      n=100000   scenario=sorted_50    mean=5.275 ms
[done] algo=merge      n=100000   scenario=sorted_75    mean=3.763 ms
[done] algo=quick_med3 n=100000   scenario=sorted_75    mean=5.223 ms
[done] algo=intro      n=100000   scenario=sorted_75    mean=4.368 ms
[done] algo=merge      n=100000   scenario=sorted_95    mean=2.479 ms
[done] algo=quick_med3 n=100000   scenario=sorted_95    mean=8.869 ms
[done] algo=intro      n=100000   scenario=sorted_95    mean=6.748 ms
[done] algo=merge      n=100000   scenario=sorted_99    mean=2.418 ms
[done] algo=quick_med3 n=100000   scenario=sorted_99    mean=12.858 ms
[done] algo=intro      n=100000   scenario=sorted_99    mean=9.641 ms
[done] algo=merge      n=100000   scenario=sorted_99_7  mean=2.229 ms
[done] algo=quick_med3 n=100000   scenario=sorted_99_7  mean=33.613 ms
[done] algo=intro      n=100000   scenario=sorted_99_7  mean=8.318 ms
[done] algo=merge      n=100000   scenario=reverse      mean=2.046 ms
[done] algo=quick_med3 n=100000   scenario=reverse      mean=3.272 ms
[done] algo=intro      n=100000   scenario=reverse      mean=3.590 ms
[done] algo=merge      n=500000   scenario=random       mean=50.700 ms
[done] algo=quick_med3 n=500000   scenario=random       mean=40.686 ms
[done] algo=intro      n=500000   scenario=random       mean=36.226 ms
[done] algo=merge      n=500000   scenario=sorted_25    mean=40.748 ms
[done] algo=quick_med3 n=500000   scenario=sorted_25    mean=38.674 ms
[done] algo=intro      n=500000   scenario=sorted_25    mean=34.633 ms
[done] algo=merge      n=500000   scenario=sorted_50    mean=31.774 ms
[done] algo=quick_med3 n=500000   scenario=sorted_50    mean=34.503 ms
[done] algo=intro      n=500000   scenario=sorted_50    mean=29.847 ms
[done] algo=merge      n=500000   scenario=sorted_75    mean=22.028 ms
[done] algo=quick_med3 n=500000   scenario=sorted_75    mean=29.571 ms
[done] algo=intro      n=500000   scenario=sorted_75    mean=24.764 ms
[done] algo=merge      n=500000   scenario=sorted_95    mean=14.030 ms
[done] algo=quick_med3 n=500000   scenario=sorted_95    mean=35.082 ms
[done] algo=intro      n=500000   scenario=sorted_95    mean=34.436 ms
[done] algo=merge      n=500000   scenario=sorted_99    mean=12.679 ms
[done] algo=quick_med3 n=500000   scenario=sorted_99    mean=81.192 ms
[done] algo=intro      n=500000   scenario=sorted_99    mean=52.598 ms
[done] algo=merge      n=500000   scenario=sorted_99_7  mean=12.598 ms
[done] algo=quick_med3 n=500000   scenario=sorted_99_7  mean=198.215 ms
[done] algo=intro      n=500000   scenario=sorted_99_7  mean=46.422 ms
[done] algo=merge      n=500000   scenario=reverse      mean=12.127 ms
[done] algo=quick_med3 n=500000   scenario=reverse      mean=19.181 ms
[done] algo=intro      n=500000   scenario=reverse      mean=18.782 ms
[done] algo=merge      n=1000000  scenario=random       mean=103.066 ms
[done] algo=quick_med3 n=1000000  scenario=random       mean=83.602 ms
[done] algo=intro      n=1000000  scenario=random       mean=77.396 ms
[done] algo=merge      n=1000000  scenario=sorted_25    mean=84.118 ms
[done] algo=quick_med3 n=1000000  scenario=sorted_25    mean=79.810 ms
[done] algo=intro      n=1000000  scenario=sorted_25    mean=71.326 ms
[done] algo=merge      n=1000000  scenario=sorted_50    mean=65.337 ms
[done] algo=quick_med3 n=1000000  scenario=sorted_50    mean=70.719 ms
[done] algo=intro      n=1000000  scenario=sorted_50    mean=62.416 ms
[done] algo=merge      n=1000000  scenario=sorted_75    mean=44.509 ms
[done] algo=quick_med3 n=1000000  scenario=sorted_75    mean=62.539 ms
[done] algo=intro      n=1000000  scenario=sorted_75    mean=54.142 ms
[done] algo=merge      n=1000000  scenario=sorted_95    mean=31.671 ms
[done] algo=quick_med3 n=1000000  scenario=sorted_95    mean=80.488 ms
[done] algo=intro      n=1000000  scenario=sorted_95    mean=89.208 ms
[done] algo=merge      n=1000000  scenario=sorted_99    mean=33.608 ms
[done] algo=quick_med3 n=1000000  scenario=sorted_99    mean=205.511 ms
[done] algo=intro      n=1000000  scenario=sorted_99    mean=96.787 ms
[done] algo=merge      n=1000000  scenario=sorted_99_7  mean=25.580 ms
[done] algo=quick_med3 n=1000000  scenario=sorted_99_7  mean=397.813 ms
[done] algo=intro      n=1000000  scenario=sorted_99_7  mean=106.752 ms
[done] algo=merge      n=1000000  scenario=reverse      mean=29.697 ms
[done] algo=quick_med3 n=1000000  scenario=reverse      mean=42.233 ms
[done] algo=intro      n=1000000  scenario=reverse      mean=39.869 ms

Zapisano: results/raw.csv, results/summary.csv
